<?xml version="1.0" encoding="UTF-8"?>
<!-- Generated by org.testng.reporters.JUnitReportReporter -->
<testsuite skipped="0" hostname="HIPUNL69713" name="fifthAug19Retest.fifthAug19.ReTest1" tests="1" failures="0" timestamp="05 Aug 2019 11:27:31 GMT" time="5.251" errors="0">
  <testcase name="f" time="5.251" classname="fifthAug19Retest.fifthAug19.ReTest1"/>
</testsuite> <!-- fifthAug19Retest.fifthAug19.ReTest1 -->
